<?xml version="1.0" encoding="UTF-8"?>
<!-- Generated by org.testng.reporters.JUnitReportReporter -->
<testsuite skipped="0" hostname="P3B-6CW7NK2" name="demoActions.HoveringActions" tests="1" failures="0" timestamp="2019-12-11T17:52:31 IST" time="13.326" errors="0">
  <testcase name="f" time="13.326" classname="demoActions.HoveringActions"/>
</testsuite> <!-- demoActions.HoveringActions -->
