<?xml version="1.0" encoding="UTF-8"?>
<!-- Generated by org.testng.reporters.JUnitReportReporter -->
<testsuite skipped="0" hostname="P3B-6CW7NK2" name="demowdmethods.VerifyURL" tests="1" failures="0" timestamp="2019-12-11T14:40:23 IST" time="12.459" errors="0">
  <testcase name="f" time="12.459" classname="demowdmethods.VerifyURL"/>
</testsuite> <!-- demowdmethods.VerifyURL -->
