<?xml version="1.0" encoding="UTF-8"?>
<!-- Generated by org.testng.reporters.JUnitReportReporter -->
<testsuite skipped="0" hostname="P3B-6CW7NK2" name="caseStudy.Trial" tests="1" failures="0" timestamp="2019-12-13T14:25:00 IST" time="77.155" errors="0">
  <testcase name="f" time="77.155" classname="caseStudy.Trial"/>
</testsuite> <!-- caseStudy.Trial -->
