<?xml version="1.0" encoding="UTF-8"?>
<!-- Generated by org.testng.reporters.JUnitReportReporter -->
<testsuite skipped="0" hostname="P3B-6CW7NK2" name="demoActions.SearchBag" tests="1" failures="0" timestamp="2019-12-12T13:11:12 IST" time="13.420" errors="0">
  <testcase name="f" time="13.420" classname="demoActions.SearchBag"/>
</testsuite> <!-- demoActions.SearchBag -->
