<?xml version="1.0" encoding="UTF-8"?>
<!-- Generated by org.testng.reporters.JUnitReportReporter -->
<testsuite skipped="0" hostname="P3B-6CW7NK2" name="DemoExcel.DemoExplicitWait" tests="1" failures="0" timestamp="2019-12-12T17:08:45 IST" time="34.700" errors="0">
  <testcase name="f" time="34.700" classname="DemoExcel.DemoExplicitWait"/>
</testsuite> <!-- DemoExcel.DemoExplicitWait -->
