<?xml version="1.0" encoding="UTF-8"?>
<!-- Generated by org.testng.reporters.JUnitReportReporter -->
<testsuite skipped="0" hostname="P3B-6CW7NK2" name="demowdmethods.HerokuAppLogin" tests="1" failures="0" timestamp="2019-12-11T10:25:19 IST" time="4.211" errors="0">
  <testcase name="f" time="4.211" classname="demowdmethods.HerokuAppLogin"/>
</testsuite> <!-- demowdmethods.HerokuAppLogin -->
