<?xml version="1.0" encoding="UTF-8"?>
<!-- Generated by org.testng.reporters.JUnitReportReporter -->
<testsuite skipped="0" hostname="P3B-6CW7NK2" name="DemoExcel.DDTTestMeApp" tests="3" failures="0" timestamp="2019-12-12T16:29:47 IST" time="15.118" errors="0">
  <testcase name="f" time="3.339" classname="DemoExcel.DDTTestMeApp"/>
  <testcase name="f" time="8.628" classname="DemoExcel.DDTTestMeApp"/>
  <testcase name="f" time="3.151" classname="DemoExcel.DDTTestMeApp"/>
</testsuite> <!-- DemoExcel.DDTTestMeApp -->
