<?xml version="1.0" encoding="UTF-8"?>
<!-- Generated by org.testng.reporters.JUnitReportReporter -->
<testsuite skipped="0" hostname="P3B-6CW7NK2" name="demowdmethods.FrameDemo" tests="1" failures="0" timestamp="2019-12-11T16:02:53 IST" time="13.239" errors="0">
  <testcase name="f" time="13.239" classname="demowdmethods.FrameDemo"/>
</testsuite> <!-- demowdmethods.FrameDemo -->
