<?xml version="1.0" encoding="UTF-8"?>
<!-- Generated by org.testng.reporters.JUnitReportReporter -->
<testsuite hostname="P3B-6CW7NK2" name="caseStudy.Scenarios" tests="4" failures="0" timestamp="16 Dec 2019 11:29:52 GMT" time="39.625" errors="0">
  <testcase name="testregistration" time="29.687" classname="caseStudy.Scenarios"/>
  <testcase name="testCart" time="0.950" classname="caseStudy.Scenarios"/>
  <testcase name="testLogin" time="4.080" classname="caseStudy.Scenarios"/>
  <testcase name="testpayment" time="4.908" classname="caseStudy.Scenarios"/>
</testsuite> <!-- caseStudy.Scenarios -->
