<?xml version="1.0" encoding="UTF-8"?>
<!-- Generated by org.testng.reporters.JUnitReportReporter -->
<testsuite skipped="0" hostname="P3B-6CW7NK2" name="demowdmethods.HandelingBrowserButtons" tests="1" failures="0" timestamp="2019-12-11T14:50:43 IST" time="29.387" errors="0">
  <testcase name="f" time="29.387" classname="demowdmethods.HandelingBrowserButtons"/>
</testsuite> <!-- demowdmethods.HandelingBrowserButtons -->
