<?xml version="1.0" encoding="UTF-8"?>
<!-- Generated by org.testng.reporters.JUnitReportReporter -->
<testsuite skipped="0" hostname="P3B-6CW7NK2" name="testngFeatures.LoginMercury" tests="1" failures="0" timestamp="2019-12-10T16:38:07 IST" time="69.367" errors="0">
  <testcase name="f" time="69.367" classname="testngFeatures.LoginMercury"/>
</testsuite> <!-- testngFeatures.LoginMercury -->
