<?xml version="1.0" encoding="UTF-8"?>
<!-- Generated by org.testng.reporters.JUnitReportReporter -->
<testsuite skipped="0" hostname="P3B-6CW7NK2" name="caseStudy.Scenarios" tests="4" failures="0" timestamp="24 Dec 2019 05:44:25 GMT" time="53.516" errors="0">
  <testcase name="testregistration" time="40.490" classname="caseStudy.Scenarios"/>
  <testcase name="testLogin" time="4.532" classname="caseStudy.Scenarios"/>
  <testcase name="testCart" time="1.680" classname="caseStudy.Scenarios"/>
  <testcase name="testpayment" time="6.814" classname="caseStudy.Scenarios"/>
</testsuite> <!-- caseStudy.Scenarios -->
