<?xml version="1.0" encoding="UTF-8"?>
<!-- Generated by org.testng.reporters.JUnitReportReporter -->
<testsuite skipped="0" hostname="P3B-6CW7NK2" name="DemoExcel.DemoReadExcel" tests="1" failures="0" timestamp="2019-12-12T15:43:43 IST" time="1.096" errors="0">
  <testcase name="f" time="1.096" classname="DemoExcel.DemoReadExcel"/>
</testsuite> <!-- DemoExcel.DemoReadExcel -->
