<?xml version="1.0" encoding="UTF-8"?>
<!-- Generated by org.testng.reporters.JUnitReportReporter -->
<testsuite skipped="0" hostname="P3B-6CW7NK2" name="demowdmethods.SearchSelenium" tests="1" failures="0" timestamp="2019-12-12T11:31:15 IST" time="26.589" errors="0">
  <testcase name="f" time="26.589" classname="demowdmethods.SearchSelenium"/>
</testsuite> <!-- demowdmethods.SearchSelenium -->
