<?xml version="1.0" encoding="UTF-8"?>
<!-- Generated by org.testng.reporters.JUnitReportReporter -->
<testsuite skipped="0" hostname="P3B-6CW7NK2" name="demowdmethods.VerifyTestDemo" tests="1" failures="0" timestamp="2019-12-11T13:09:13 IST" time="172.968" errors="0">
  <testcase name="f" time="172.968" classname="demowdmethods.VerifyTestDemo"/>
</testsuite> <!-- demowdmethods.VerifyTestDemo -->
