<?xml version="1.0" encoding="UTF-8"?>
<!-- Generated by org.testng.reporters.JUnitReportReporter -->
<testsuite skipped="0" hostname="P3B-6CW7NK2" name="DemoExcel.DemoCreateExcel" tests="1" failures="0" timestamp="2019-12-12T15:08:40 IST" time="0.789" errors="0">
  <testcase name="f" time="0.789" classname="DemoExcel.DemoCreateExcel"/>
</testsuite> <!-- DemoExcel.DemoCreateExcel -->
