<?xml version="1.0" encoding="UTF-8"?>
<!-- Generated by org.testng.reporters.JUnitReportReporter -->
<testsuite skipped="1" hostname="P3B-6CW7NK2" name="testngFeatures.MercuryAPP" tests="7" failures="0" timestamp="2019-12-10T16:38:07 IST" time="0.007" errors="0">
  <testcase name="openBrowser" time="0.001" classname="testngFeatures.MercuryAPP"/>
  <testcase name="openURL" time="0.001" classname="testngFeatures.MercuryAPP"/>
  <testcase name="Login" time="0.001" classname="testngFeatures.MercuryAPP"/>
  <testcase name="bookFlight" time="0.002" classname="testngFeatures.MercuryAPP"/>
  <testcase name="logout" time="0.001" classname="testngFeatures.MercuryAPP"/>
  <testcase name="closeBrowser" time="0.001" classname="testngFeatures.MercuryAPP"/>
  <testcase name="searchFlight" classname="testngFeatures.MercuryAPP">
    <skipped/>
  </testcase> <!-- searchFlight -->
</testsuite> <!-- testngFeatures.MercuryAPP -->
