<?xml version="1.0" encoding="UTF-8"?>
<!-- Generated by org.testng.reporters.JUnitReportReporter -->
<testsuite skipped="0" hostname="P3B-6CW7NK2" name="caseStudy.Scenerio3" tests="1" failures="0" timestamp="2019-12-13T12:33:55 IST" time="7.723" errors="0">
  <testcase name="f" time="7.723" classname="caseStudy.Scenerio3"/>
</testsuite> <!-- caseStudy.Scenerio3 -->
