<?xml version="1.0" encoding="UTF-8"?>
<!-- Generated by org.testng.reporters.JUnitReportReporter -->
<testsuite skipped="0" hostname="P3B-6CW7NK2" name="testngFeatures.DemoDataProvider" tests="3" failures="0" timestamp="2019-12-10T16:38:07 IST" time="0.003" errors="0">
  <testcase name="login" time="0.001" classname="testngFeatures.DemoDataProvider"/>
  <testcase name="login" time="0.001" classname="testngFeatures.DemoDataProvider"/>
  <testcase name="login" time="0.001" classname="testngFeatures.DemoDataProvider"/>
</testsuite> <!-- testngFeatures.DemoDataProvider -->
