<?xml version="1.0" encoding="UTF-8"?>
<!-- Generated by org.testng.reporters.JUnitReportReporter -->
<testsuite skipped="0" hostname="P3B-6CW7NK2" name="demowdmethods.DemoAlert" tests="1" failures="0" timestamp="2019-12-11T17:02:56 IST" time="25.398" errors="0">
  <testcase name="f" time="25.398" classname="demowdmethods.DemoAlert"/>
</testsuite> <!-- demowdmethods.DemoAlert -->
